<?xml version="1.0" encoding="UTF-8"?>
<!-- Generated by org.testng.reporters.JUnitReportReporter -->
<testsuite skipped="0" hostname="DESKTOP-2QOB21C" name="com.runner.HomePageRunner" tests="1" failures="0" timestamp="24 Sep 2021 06:08:46 GMT" time="9.912" errors="0">
  <testcase name="Sale" time="9.912" classname="com.runner.HomePageRunner"/>
</testsuite> <!-- com.runner.HomePageRunner -->
